{"error":"Model user not found","level":"error","message":"Error updating user status:","service":"UserController","stack":"Error: Model user not found\n    at DatabaseService.getModel (/Users/brooklyn/Desktop/my_project/chat-app/chat-app/apps/server/dist/services/database.service.js:212:19)\n    at DatabaseService.<anonymous> (/Users/brooklyn/Desktop/my_project/chat-app/chat-app/apps/server/dist/services/database.service.js:158:36)\n    at Generator.next (<anonymous>)\n    at /Users/brooklyn/Desktop/my_project/chat-app/chat-app/apps/server/dist/services/database.service.js:8:71\n    at new Promise (<anonymous>)\n    at __awaiter (/Users/brooklyn/Desktop/my_project/chat-app/chat-app/apps/server/dist/services/database.service.js:4:12)\n    at DatabaseService.findByIdAndUpdate (/Users/brooklyn/Desktop/my_project/chat-app/chat-app/apps/server/dist/services/database.service.js:156:16)\n    at UserService.<anonymous> (/Users/brooklyn/Desktop/my_project/chat-app/chat-app/apps/server/dist/services/user.service.js:152:29)\n    at Generator.next (<anonymous>)\n    at /Users/brooklyn/Desktop/my_project/chat-app/chat-app/apps/server/dist/services/user.service.js:8:71","timestamp":"2025-01-06 00:04:17"}
{"error":"Model user not found","level":"error","message":"Error updating user status:","service":"UserController","stack":"Error: Model user not found\n    at DatabaseService.getModel (/Users/brooklyn/Desktop/my_project/chat-app/chat-app/apps/server/dist/services/database.service.js:212:19)\n    at DatabaseService.<anonymous> (/Users/brooklyn/Desktop/my_project/chat-app/chat-app/apps/server/dist/services/database.service.js:158:36)\n    at Generator.next (<anonymous>)\n    at /Users/brooklyn/Desktop/my_project/chat-app/chat-app/apps/server/dist/services/database.service.js:8:71\n    at new Promise (<anonymous>)\n    at __awaiter (/Users/brooklyn/Desktop/my_project/chat-app/chat-app/apps/server/dist/services/database.service.js:4:12)\n    at DatabaseService.findByIdAndUpdate (/Users/brooklyn/Desktop/my_project/chat-app/chat-app/apps/server/dist/services/database.service.js:156:16)\n    at UserService.<anonymous> (/Users/brooklyn/Desktop/my_project/chat-app/chat-app/apps/server/dist/services/user.service.js:152:29)\n    at Generator.next (<anonymous>)\n    at /Users/brooklyn/Desktop/my_project/chat-app/chat-app/apps/server/dist/services/user.service.js:8:71","timestamp":"2025-01-06 00:04:17"}
{"level":"info","message":"User 675d9bbd81ab1b21cd71ab63 disconnected","service":"UserController","timestamp":"2025-01-06 00:04:17"}
{"level":"info","message":"User 675d9bbd81ab1b21cd71ab63 disconnected","service":"UserController","timestamp":"2025-01-06 00:04:17"}
{"level":"info","message":"Socket Connection Attempt: 675d9bbd81ab1b21cd71ab63","service":"UserController","timestamp":"2025-01-06 00:06:17"}
{"level":"info","message":"Socket Connection Attempt: 675d9bbd81ab1b21cd71ab63","service":"UserController","timestamp":"2025-01-06 00:06:17"}
{"error":"Model user not found","level":"error","message":"Error updating user status:","service":"UserController","stack":"Error: Model user not found\n    at DatabaseService.getModel (/Users/brooklyn/Desktop/my_project/chat-app/chat-app/apps/server/dist/services/database.service.js:212:19)\n    at DatabaseService.<anonymous> (/Users/brooklyn/Desktop/my_project/chat-app/chat-app/apps/server/dist/services/database.service.js:158:36)\n    at Generator.next (<anonymous>)\n    at /Users/brooklyn/Desktop/my_project/chat-app/chat-app/apps/server/dist/services/database.service.js:8:71\n    at new Promise (<anonymous>)\n    at __awaiter (/Users/brooklyn/Desktop/my_project/chat-app/chat-app/apps/server/dist/services/database.service.js:4:12)\n    at DatabaseService.findByIdAndUpdate (/Users/brooklyn/Desktop/my_project/chat-app/chat-app/apps/server/dist/services/database.service.js:156:16)\n    at UserService.<anonymous> (/Users/brooklyn/Desktop/my_project/chat-app/chat-app/apps/server/dist/services/user.service.js:152:29)\n    at Generator.next (<anonymous>)\n    at /Users/brooklyn/Desktop/my_project/chat-app/chat-app/apps/server/dist/services/user.service.js:8:71","timestamp":"2025-01-06 00:06:21"}
{"error":"Model user not found","level":"error","message":"Error updating user status:","service":"UserController","stack":"Error: Model user not found\n    at DatabaseService.getModel (/Users/brooklyn/Desktop/my_project/chat-app/chat-app/apps/server/dist/services/database.service.js:212:19)\n    at DatabaseService.<anonymous> (/Users/brooklyn/Desktop/my_project/chat-app/chat-app/apps/server/dist/services/database.service.js:158:36)\n    at Generator.next (<anonymous>)\n    at /Users/brooklyn/Desktop/my_project/chat-app/chat-app/apps/server/dist/services/database.service.js:8:71\n    at new Promise (<anonymous>)\n    at __awaiter (/Users/brooklyn/Desktop/my_project/chat-app/chat-app/apps/server/dist/services/database.service.js:4:12)\n    at DatabaseService.findByIdAndUpdate (/Users/brooklyn/Desktop/my_project/chat-app/chat-app/apps/server/dist/services/database.service.js:156:16)\n    at UserService.<anonymous> (/Users/brooklyn/Desktop/my_project/chat-app/chat-app/apps/server/dist/services/user.service.js:152:29)\n    at Generator.next (<anonymous>)\n    at /Users/brooklyn/Desktop/my_project/chat-app/chat-app/apps/server/dist/services/user.service.js:8:71","timestamp":"2025-01-06 00:06:21"}
{"level":"info","message":"User 675d9bbd81ab1b21cd71ab63 disconnected","service":"UserController","timestamp":"2025-01-06 00:06:21"}
{"level":"info","message":"User 675d9bbd81ab1b21cd71ab63 disconnected","service":"UserController","timestamp":"2025-01-06 00:06:21"}
{"level":"info","message":"MongoDB disconnected","service":"UserController","timestamp":"2025-01-06 01:28:27"}
{"level":"info","message":"MongoDB disconnected","service":"UserController","timestamp":"2025-01-06 01:28:27"}
{"level":"info","message":"MongoDB disconnected","service":"UserController","timestamp":"2025-01-06 01:28:27"}
{"level":"info","message":"MongoDB disconnected","service":"UserController","timestamp":"2025-01-06 01:28:27"}
{"level":"info","message":"MongoDB disconnected","service":"UserController","timestamp":"2025-01-06 01:28:27"}
{"level":"info","message":"MongoDB disconnected","service":"UserController","timestamp":"2025-01-06 01:28:27"}
{"level":"info","message":"MongoDB disconnected","service":"UserController","timestamp":"2025-01-06 01:28:27"}
{"level":"info","message":"MongoDB disconnected","service":"UserController","timestamp":"2025-01-06 01:28:27"}
{"level":"info","message":"MongoDB disconnected","service":"UserController","timestamp":"2025-01-06 01:28:27"}
{"level":"info","message":"MongoDB disconnected","service":"UserController","timestamp":"2025-01-06 01:28:27"}
{"level":"info","message":"MongoDB disconnected","service":"UserController","timestamp":"2025-01-06 01:28:27"}
{"level":"info","message":"MongoDB disconnected","service":"UserController","timestamp":"2025-01-06 01:28:27"}
{"level":"info","message":"MongoDB disconnected","service":"UserController","timestamp":"2025-01-06 01:28:27"}
{"level":"info","message":"MongoDB disconnected","service":"UserController","timestamp":"2025-01-06 01:28:27"}
{"level":"info","message":"MongoDB disconnected","service":"UserController","timestamp":"2025-01-06 01:28:27"}
{"level":"info","message":"MongoDB disconnected","service":"UserController","timestamp":"2025-01-06 01:28:27"}
{"level":"info","message":"MongoDB disconnected","service":"UserController","timestamp":"2025-01-06 01:28:27"}
{"level":"info","message":"MongoDB disconnected","service":"UserController","timestamp":"2025-01-06 01:28:27"}
{"level":"info","message":"MongoDB disconnected","service":"UserController","timestamp":"2025-01-06 01:28:27"}
{"level":"info","message":"MongoDB disconnected","service":"UserController","timestamp":"2025-01-06 01:28:27"}
{"level":"info","message":"MongoDB connected successfully","service":"UserController","timestamp":"2025-01-06 01:28:27"}
{"level":"info","message":"MongoDB connected successfully","service":"UserController","timestamp":"2025-01-06 01:28:27"}
{"level":"info","message":"MongoDB connected successfully","service":"UserController","timestamp":"2025-01-06 01:28:27"}
{"level":"info","message":"MongoDB connected successfully","service":"UserController","timestamp":"2025-01-06 01:28:27"}
{"level":"info","message":"MongoDB connected successfully","service":"UserController","timestamp":"2025-01-06 01:28:27"}
{"level":"info","message":"MongoDB connected successfully","service":"UserController","timestamp":"2025-01-06 01:28:27"}
{"level":"info","message":"MongoDB connected successfully","service":"UserController","timestamp":"2025-01-06 01:28:27"}
{"level":"info","message":"MongoDB connected successfully","service":"UserController","timestamp":"2025-01-06 01:28:27"}
{"level":"info","message":"MongoDB connected successfully","service":"UserController","timestamp":"2025-01-06 01:28:27"}
{"level":"info","message":"MongoDB connected successfully","service":"UserController","timestamp":"2025-01-06 01:28:27"}
{"level":"info","message":"MongoDB connected successfully","service":"UserController","timestamp":"2025-01-06 01:28:27"}
{"level":"info","message":"MongoDB connected successfully","service":"UserController","timestamp":"2025-01-06 01:28:27"}
{"level":"info","message":"MongoDB connected successfully","service":"UserController","timestamp":"2025-01-06 01:28:27"}
{"level":"info","message":"MongoDB connected successfully","service":"UserController","timestamp":"2025-01-06 01:28:27"}
{"level":"info","message":"MongoDB connected successfully","service":"UserController","timestamp":"2025-01-06 01:28:27"}
{"level":"info","message":"MongoDB connected successfully","service":"UserController","timestamp":"2025-01-06 01:28:27"}
{"level":"info","message":"MongoDB connected successfully","service":"UserController","timestamp":"2025-01-06 01:28:27"}
{"level":"info","message":"MongoDB connected successfully","service":"UserController","timestamp":"2025-01-06 01:28:27"}
{"level":"info","message":"MongoDB connected successfully","service":"UserController","timestamp":"2025-01-06 01:28:27"}
{"level":"info","message":"MongoDB connected successfully","service":"UserController","timestamp":"2025-01-06 01:28:27"}
